{"uid":"57341bfcccbad53f","name":"GET /collection by involvedMaker","fullName":"com.rijksmuseum.api.tests.CollectionTests.getCollectionByInvolvedMaker","historyId":"83fa3d0f652dc80f5182703e4c790a6d","time":{"start":1742754378746,"stop":1742754379341,"duration":595},"status":"failed","statusMessage":"One or more values in the response do not match the requested parameter.\nExpected: every item is \"Johannes Vermeer\"\n     but: an item was \"Johann Wilhelm Kaiser (I)\"","statusTrace":"java.lang.AssertionError: One or more values in the response do not match the requested parameter.\nExpected: every item is \"Johannes Vermeer\"\n     but: an item was \"Johann Wilhelm Kaiser (I)\"\n\tat org.hamcrest.MatcherAssert.assertThat(MatcherAssert.java:20)\n\tat com.rijksmuseum.api.tests.CollectionTests.getCollectionByInvolvedMaker(CollectionTests.java:68)\n\tat java.base/jdk.internal.reflect.DirectMethodHandleAccessor.invoke(DirectMethodHandleAccessor.java:103)\n\tat java.base/java.lang.reflect.Method.invoke(Method.java:580)\n\tat org.testng.internal.invokers.MethodInvocationHelper.invokeMethod(MethodInvocationHelper.java:141)\n\tat org.testng.internal.invokers.TestInvoker.invokeMethod(TestInvoker.java:687)\n\tat org.testng.internal.invokers.TestInvoker.invokeTestMethod(TestInvoker.java:230)\n\tat org.testng.internal.invokers.MethodRunner.runInSequence(MethodRunner.java:63)\n\tat org.testng.internal.invokers.TestInvoker$MethodInvocationAgent.invoke(TestInvoker.java:995)\n\tat org.testng.internal.invokers.TestInvoker.invokeTestMethods(TestInvoker.java:203)\n\tat org.testng.internal.invokers.TestMethodWorker.invokeTestMethods(TestMethodWorker.java:154)\n\tat org.testng.internal.invokers.TestMethodWorker.run(TestMethodWorker.java:134)\n\tat java.base/java.util.ArrayList.forEach(ArrayList.java:1596)\n\tat org.testng.TestRunner.privateRun(TestRunner.java:741)\n\tat org.testng.TestRunner.run(TestRunner.java:616)\n\tat org.testng.SuiteRunner.runTest(SuiteRunner.java:421)\n\tat org.testng.SuiteRunner.runSequentially(SuiteRunner.java:413)\n\tat org.testng.SuiteRunner.privateRun(SuiteRunner.java:373)\n\tat org.testng.SuiteRunner.run(SuiteRunner.java:312)\n\tat org.testng.SuiteRunnerWorker.runSuite(SuiteRunnerWorker.java:52)\n\tat org.testng.SuiteRunnerWorker.run(SuiteRunnerWorker.java:95)\n\tat org.testng.TestNG.runSuitesSequentially(TestNG.java:1274)\n\tat org.testng.TestNG.runSuitesLocally(TestNG.java:1208)\n\tat org.testng.TestNG.runSuites(TestNG.java:1112)\n\tat org.testng.TestNG.run(TestNG.java:1079)\n\tat org.apache.maven.surefire.testng.TestNGExecutor.run(TestNGExecutor.java:155)\n\tat org.apache.maven.surefire.testng.TestNGDirectoryTestSuite.executeMulti(TestNGDirectoryTestSuite.java:169)\n\tat org.apache.maven.surefire.testng.TestNGDirectoryTestSuite.execute(TestNGDirectoryTestSuite.java:88)\n\tat org.apache.maven.surefire.testng.TestNGProvider.invoke(TestNGProvider.java:137)\n\tat org.apache.maven.surefire.booter.ForkedBooter.runSuitesInProcess(ForkedBooter.java:385)\n\tat org.apache.maven.surefire.booter.ForkedBooter.execute(ForkedBooter.java:162)\n\tat org.apache.maven.surefire.booter.ForkedBooter.run(ForkedBooter.java:507)\n\tat org.apache.maven.surefire.booter.ForkedBooter.main(ForkedBooter.java:495)\n","flaky":false,"newFailed":false,"newBroken":false,"newPassed":false,"retriesCount":0,"retriesStatusChange":false,"beforeStages":[{"name":"setup","time":{"start":1742754375197,"stop":1742754376558,"duration":1361},"description":"","status":"passed","steps":[],"attachments":[],"parameters":[],"shouldDisplayMessage":false,"stepsCount":0,"attachmentsCount":0,"hasContent":false},{"name":"init","time":{"start":1742754378736,"stop":1742754378741,"duration":5},"description":"","status":"passed","steps":[],"attachments":[],"parameters":[],"shouldDisplayMessage":false,"stepsCount":0,"attachmentsCount":0,"hasContent":false}],"testStage":{"status":"failed","statusMessage":"One or more values in the response do not match the requested parameter.\nExpected: every item is \"Johannes Vermeer\"\n     but: an item was \"Johann Wilhelm Kaiser (I)\"","statusTrace":"java.lang.AssertionError: One or more values in the response do not match the requested parameter.\nExpected: every item is \"Johannes Vermeer\"\n     but: an item was \"Johann Wilhelm Kaiser (I)\"\n\tat org.hamcrest.MatcherAssert.assertThat(MatcherAssert.java:20)\n\tat com.rijksmuseum.api.tests.CollectionTests.getCollectionByInvolvedMaker(CollectionTests.java:68)\n\tat java.base/jdk.internal.reflect.DirectMethodHandleAccessor.invoke(DirectMethodHandleAccessor.java:103)\n\tat java.base/java.lang.reflect.Method.invoke(Method.java:580)\n\tat org.testng.internal.invokers.MethodInvocationHelper.invokeMethod(MethodInvocationHelper.java:141)\n\tat org.testng.internal.invokers.TestInvoker.invokeMethod(TestInvoker.java:687)\n\tat org.testng.internal.invokers.TestInvoker.invokeTestMethod(TestInvoker.java:230)\n\tat org.testng.internal.invokers.MethodRunner.runInSequence(MethodRunner.java:63)\n\tat org.testng.internal.invokers.TestInvoker$MethodInvocationAgent.invoke(TestInvoker.java:995)\n\tat org.testng.internal.invokers.TestInvoker.invokeTestMethods(TestInvoker.java:203)\n\tat org.testng.internal.invokers.TestMethodWorker.invokeTestMethods(TestMethodWorker.java:154)\n\tat org.testng.internal.invokers.TestMethodWorker.run(TestMethodWorker.java:134)\n\tat java.base/java.util.ArrayList.forEach(ArrayList.java:1596)\n\tat org.testng.TestRunner.privateRun(TestRunner.java:741)\n\tat org.testng.TestRunner.run(TestRunner.java:616)\n\tat org.testng.SuiteRunner.runTest(SuiteRunner.java:421)\n\tat org.testng.SuiteRunner.runSequentially(SuiteRunner.java:413)\n\tat org.testng.SuiteRunner.privateRun(SuiteRunner.java:373)\n\tat org.testng.SuiteRunner.run(SuiteRunner.java:312)\n\tat org.testng.SuiteRunnerWorker.runSuite(SuiteRunnerWorker.java:52)\n\tat org.testng.SuiteRunnerWorker.run(SuiteRunnerWorker.java:95)\n\tat org.testng.TestNG.runSuitesSequentially(TestNG.java:1274)\n\tat org.testng.TestNG.runSuitesLocally(TestNG.java:1208)\n\tat org.testng.TestNG.runSuites(TestNG.java:1112)\n\tat org.testng.TestNG.run(TestNG.java:1079)\n\tat org.apache.maven.surefire.testng.TestNGExecutor.run(TestNGExecutor.java:155)\n\tat org.apache.maven.surefire.testng.TestNGDirectoryTestSuite.executeMulti(TestNGDirectoryTestSuite.java:169)\n\tat org.apache.maven.surefire.testng.TestNGDirectoryTestSuite.execute(TestNGDirectoryTestSuite.java:88)\n\tat org.apache.maven.surefire.testng.TestNGProvider.invoke(TestNGProvider.java:137)\n\tat org.apache.maven.surefire.booter.ForkedBooter.runSuitesInProcess(ForkedBooter.java:385)\n\tat org.apache.maven.surefire.booter.ForkedBooter.execute(ForkedBooter.java:162)\n\tat org.apache.maven.surefire.booter.ForkedBooter.run(ForkedBooter.java:507)\n\tat org.apache.maven.surefire.booter.ForkedBooter.main(ForkedBooter.java:495)\n","steps":[],"attachments":[{"uid":"4eea0ce85b96cdea","name":"Request","source":"4eea0ce85b96cdea.html","type":"text/html","size":518},{"uid":"b8b2fa1eb5ab6ea5","name":"HTTP/1.1 200 OK","source":"b8b2fa1eb5ab6ea5.html","type":"text/html","size":35950}],"parameters":[],"shouldDisplayMessage":true,"stepsCount":0,"attachmentsCount":2,"hasContent":true},"afterStages":[],"labels":[{"name":"package","value":"com.rijksmuseum.api.tests.CollectionTests"},{"name":"testClass","value":"com.rijksmuseum.api.tests.CollectionTests"},{"name":"testMethod","value":"getCollectionByInvolvedMaker"},{"name":"parentSuite","value":"Surefire suite"},{"name":"suite","value":"Surefire test"},{"name":"subSuite","value":"com.rijksmuseum.api.tests.CollectionTests"},{"name":"host","value":"fv-az1308-679"},{"name":"thread","value":"2436@fv-az1308-679.main(1)"},{"name":"framework","value":"testng"},{"name":"language","value":"java"},{"name":"story","value":"RM-1 RM API: GetCollections"},{"name":"resultFormat","value":"allure2"}],"parameters":[{"name":"arg0","value":"Johannes Vermeer"}],"links":[{"name":"4","url":"https://github.com/LiudmilaParf/rijksmuseum-api-tests/issues/4","type":"issue"}],"hidden":false,"retry":false,"extra":{"severity":"normal","retries":[],"categories":[{"name":"Product defects","matchedStatuses":[],"flaky":false}],"history":{"statistic":{"failed":8,"broken":0,"skipped":0,"passed":0,"unknown":0,"total":8},"items":[{"uid":"293267d964b70d68","reportUrl":"https://LiudmilaParf.github.io/rijksmuseum-api-tests/11//#testresult/293267d964b70d68","status":"failed","statusDetails":"One or more values in the response do not match the requested parameter.\nExpected: every item is \"Johannes Vermeer\"\n     but: an item was \"Johann Wilhelm Kaiser (I)\"","time":{"start":1742746237094,"stop":1742746237860,"duration":766}},{"uid":"3220f0288a2f1904","reportUrl":"https://LiudmilaParf.github.io/rijksmuseum-api-tests/10//#testresult/3220f0288a2f1904","status":"failed","statusDetails":"One or more values in the response do not match the requested parameter.\nExpected: every item is \"Johannes Vermeer\"\n     but: an item was \"Johann Wilhelm Kaiser (I)\"","time":{"start":1742744579835,"stop":1742744580637,"duration":802}},{"uid":"7bc26a70f32db08d","reportUrl":"https://LiudmilaParf.github.io/rijksmuseum-api-tests/1//#testresult/7bc26a70f32db08d","status":"failed","statusDetails":"One or more values in the response do not match the requested parameter.\nExpected: every item is \"Johannes Vermeer\"\n     but: an item was \"Johann Wilhelm Kaiser (I)\"","time":{"start":1742741710561,"stop":1742741711145,"duration":584}},{"uid":"30f26ed997d64b15","reportUrl":"https://LiudmilaParf.github.io/rijksmuseum-api-tests/9//#testresult/30f26ed997d64b15","status":"failed","statusDetails":"One or more values in the response do not match the requested parameter.\nExpected: every item is \"Johannes Vermeer\"\n     but: an item was \"Johann Wilhelm Kaiser (I)\"","time":{"start":1742741625134,"stop":1742741625924,"duration":790}},{"uid":"e099e1e6390087cd","reportUrl":"https://LiudmilaParf.github.io/rijksmuseum-api-tests/8//#testresult/e099e1e6390087cd","status":"failed","statusDetails":"One or more values in the response do not match the requested parameter.\nExpected: every item is \"Johannes Vermeer\"\n     but: an item was \"Johann Wilhelm Kaiser (I)\"","time":{"start":1742738892773,"stop":1742738893577,"duration":804}},{"uid":"bf01cc9eeda0e13d","reportUrl":"https://LiudmilaParf.github.io/rijksmuseum-api-tests/7//#testresult/bf01cc9eeda0e13d","status":"failed","statusDetails":"One or more values in the response do not match the requested parameter.\nExpected: every item is \"Johannes Vermeer\"\n     but: an item was \"Johann Wilhelm Kaiser (I)\"","time":{"start":1742732624969,"stop":1742732625826,"duration":857}},{"uid":"a3b6c4eb3bd38007","reportUrl":"https://LiudmilaParf.github.io/rijksmuseum-api-tests/6//#testresult/a3b6c4eb3bd38007","status":"failed","statusDetails":"\nExpected: every item is \"Johannes Vermeer\"\n     but: an item was \"Johann Wilhelm Kaiser (I)\"","time":{"start":1742672958219,"stop":1742672958757,"duration":538}}]},"tags":[]},"source":"57341bfcccbad53f.json","parameterValues":["Johannes Vermeer"]}